<h2>Reporter output</h2><table><tr><td> execution is started</td></tr>
<tr><td>addCandidateIVDTestScript Execution is Started :</td></tr>
<tr><td> execution is started</td></tr>
<tr><td>addCandidateIVDTestScript Execution is Started :</td></tr>
<tr><td>addCandidateIVDTestScript Execution is Failure :java.lang.AssertionError: Invalid login details</td></tr>
<tr><td>addCandidateVDTestScript Execution is Started :</td></tr>
<tr><td>addCandidateVDTestScript execution is skipped</td></tr>
<tr><td>addCandidateIVDTestScript Execution is Failure :java.lang.AssertionError: All Required Field Value with Valid Data are required expected [false] but found [true]</td></tr>
<tr><td>addCandidateVDTestScript Execution is Started :</td></tr>
<tr><td>addCandidateVDTestScript Execution is Failure :org.openqa.selenium.NoSuchElementException: Unable to find element with locator By.name: sourceName
For documentation on this error, please visit: https://www.selenium.dev/documentation/webdriver/troubleshooting/errors#no-such-element-exception
Build info: version: '4.16.1', revision: '9b4c83354e'
System info: os.name: 'Windows 10', os.arch: 'amd64', os.version: '10.0', java.version: '20.0.2'
Driver info: driver.version: RemoteWebDriver</td></tr>
</table>